mode: atomic
github.com/tcncloud/protoc-gen-persist/generator/import.go:48.20,51.16 3 1
github.com/tcncloud/protoc-gen-persist/generator/import.go:51.16,53.3 1 0
github.com/tcncloud/protoc-gen-persist/generator/import.go:61.43,63.2 1 0
github.com/tcncloud/protoc-gen-persist/generator/import.go:65.51,67.2 1 10
github.com/tcncloud/protoc-gen-persist/generator/import.go:69.52,71.2 1 0
github.com/tcncloud/protoc-gen-persist/generator/import.go:75.28,82.2 1 2
github.com/tcncloud/protoc-gen-persist/generator/import.go:84.46,87.2 2 1
github.com/tcncloud/protoc-gen-persist/generator/import.go:89.46,90.25 1 3
github.com/tcncloud/protoc-gen-persist/generator/import.go:95.2,95.14 1 1
github.com/tcncloud/protoc-gen-persist/generator/import.go:90.25,91.33 1 10
github.com/tcncloud/protoc-gen-persist/generator/import.go:91.33,93.4 1 2
github.com/tcncloud/protoc-gen-persist/generator/import.go:98.38,101.16 3 1
github.com/tcncloud/protoc-gen-persist/generator/import.go:104.2,104.21 1 1
github.com/tcncloud/protoc-gen-persist/generator/import.go:101.16,103.3 1 0
github.com/tcncloud/protoc-gen-persist/generator/service.go:61.113,71.2 2 0
github.com/tcncloud/protoc-gen-persist/generator/service.go:73.40,74.22 1 0
github.com/tcncloud/protoc-gen-persist/generator/service.go:74.22,78.3 1 0
github.com/tcncloud/protoc-gen-persist/generator/service.go:78.3,80.3 1 0
github.com/tcncloud/protoc-gen-persist/generator/service.go:83.42,85.16 2 0
github.com/tcncloud/protoc-gen-persist/generator/service.go:88.2,90.16 3 0
github.com/tcncloud/protoc-gen-persist/generator/service.go:94.2,94.19 1 0
github.com/tcncloud/protoc-gen-persist/generator/service.go:85.16,87.3 1 0
github.com/tcncloud/protoc-gen-persist/generator/service.go:90.16,92.3 1 0
github.com/tcncloud/protoc-gen-persist/generator/service.go:97.32,98.44 1 0
github.com/tcncloud/protoc-gen-persist/generator/service.go:103.2,103.14 1 0
github.com/tcncloud/protoc-gen-persist/generator/service.go:98.44,99.89 1 0
github.com/tcncloud/protoc-gen-persist/generator/service.go:99.89,101.4 1 0
github.com/tcncloud/protoc-gen-persist/generator/service.go:106.34,107.44 1 0
github.com/tcncloud/protoc-gen-persist/generator/service.go:112.2,112.14 1 0
github.com/tcncloud/protoc-gen-persist/generator/service.go:107.44,108.91 1 0
github.com/tcncloud/protoc-gen-persist/generator/service.go:108.91,110.4 1 0
github.com/tcncloud/protoc-gen-persist/generator/service.go:115.37,118.44 2 0
github.com/tcncloud/protoc-gen-persist/generator/service.go:125.2,125.12 1 0
github.com/tcncloud/protoc-gen-persist/generator/service.go:118.44,119.49 1 0
github.com/tcncloud/protoc-gen-persist/generator/service.go:119.49,123.4 3 0
github.com/tcncloud/protoc-gen-persist/generator/service.go:127.47,129.2 1 0
github.com/tcncloud/protoc-gen-persist/generator/service.go:148.27,161.2 3 0
github.com/tcncloud/protoc-gen-persist/generator/service.go:162.46,164.2 1 0
github.com/tcncloud/protoc-gen-persist/generator/service.go:166.37,168.2 1 0
github.com/tcncloud/protoc-gen-persist/generator/service.go:170.45,171.54 1 0
github.com/tcncloud/protoc-gen-persist/generator/service.go:200.2,200.11 1 0
github.com/tcncloud/protoc-gen-persist/generator/service.go:171.54,172.47 1 0
github.com/tcncloud/protoc-gen-persist/generator/service.go:172.47,175.4 1 0
github.com/tcncloud/protoc-gen-persist/generator/service.go:175.4,178.82 2 0
github.com/tcncloud/protoc-gen-persist/generator/service.go:178.82,179.88 1 0
github.com/tcncloud/protoc-gen-persist/generator/service.go:192.5,192.42 1 0
github.com/tcncloud/protoc-gen-persist/generator/service.go:179.88,183.6 3 0
github.com/tcncloud/protoc-gen-persist/generator/service.go:183.6,183.95 1 0
github.com/tcncloud/protoc-gen-persist/generator/service.go:183.95,187.6 3 0
github.com/tcncloud/protoc-gen-persist/generator/service.go:187.6,191.6 3 0
github.com/tcncloud/protoc-gen-persist/generator/service.go:193.5,196.5 1 0
github.com/tcncloud/protoc-gen-persist/generator/service.go:203.40,205.2 1 0
github.com/tcncloud/protoc-gen-persist/generator/service.go:207.41,209.2 1 0
github.com/tcncloud/protoc-gen-persist/generator/service.go:211.49,213.2 1 0
github.com/tcncloud/protoc-gen-persist/generator/service.go:215.47,217.2 1 0
github.com/tcncloud/protoc-gen-persist/generator/service.go:219.41,221.2 1 0
github.com/tcncloud/protoc-gen-persist/generator/service.go:223.63,224.62 1 0
github.com/tcncloud/protoc-gen-persist/generator/service.go:230.2,230.12 1 0
github.com/tcncloud/protoc-gen-persist/generator/service.go:224.62,226.17 2 0
github.com/tcncloud/protoc-gen-persist/generator/service.go:226.17,228.4 1 0
github.com/tcncloud/protoc-gen-persist/generator/service.go:232.47,234.2 1 0
github.com/tcncloud/protoc-gen-persist/generator/service.go:236.62,238.2 1 0
github.com/tcncloud/protoc-gen-persist/generator/service.go:242.81,243.38 1 0
github.com/tcncloud/protoc-gen-persist/generator/service.go:252.2,252.17 1 0
github.com/tcncloud/protoc-gen-persist/generator/service.go:291.2,291.11 1 0
github.com/tcncloud/protoc-gen-persist/generator/service.go:243.38,244.48 1 0
github.com/tcncloud/protoc-gen-persist/generator/service.go:247.3,247.49 1 0
github.com/tcncloud/protoc-gen-persist/generator/service.go:250.3,250.13 1 0
github.com/tcncloud/protoc-gen-persist/generator/service.go:244.48,246.4 1 0
github.com/tcncloud/protoc-gen-persist/generator/service.go:247.49,249.4 1 0
github.com/tcncloud/protoc-gen-persist/generator/service.go:252.17,253.33 1 0
github.com/tcncloud/protoc-gen-persist/generator/service.go:253.33,259.73 1 0
github.com/tcncloud/protoc-gen-persist/generator/service.go:274.4,278.71 1 0
github.com/tcncloud/protoc-gen-persist/generator/service.go:259.73,264.49 1 0
github.com/tcncloud/protoc-gen-persist/generator/service.go:264.49,270.6 3 0
github.com/tcncloud/protoc-gen-persist/generator/service.go:278.71,280.43 1 0
github.com/tcncloud/protoc-gen-persist/generator/service.go:280.43,286.6 3 0
github.com/tcncloud/protoc-gen-persist/generator/service.go:294.77,297.48 2 0
github.com/tcncloud/protoc-gen-persist/generator/service.go:301.2,303.25 2 0
github.com/tcncloud/protoc-gen-persist/generator/service.go:374.2,374.11 1 0
github.com/tcncloud/protoc-gen-persist/generator/service.go:297.48,299.3 1 0
github.com/tcncloud/protoc-gen-persist/generator/service.go:304.51,305.19 1 0
github.com/tcncloud/protoc-gen-persist/generator/service.go:306.50,307.19 1 0
github.com/tcncloud/protoc-gen-persist/generator/service.go:308.50,309.17 1 0
github.com/tcncloud/protoc-gen-persist/generator/service.go:310.51,311.18 1 0
github.com/tcncloud/protoc-gen-persist/generator/service.go:312.50,313.17 1 0
github.com/tcncloud/protoc-gen-persist/generator/service.go:314.51,315.18 1 0
github.com/tcncloud/protoc-gen-persist/generator/service.go:316.52,317.18 1 0
github.com/tcncloud/protoc-gen-persist/generator/service.go:318.52,319.18 1 0
github.com/tcncloud/protoc-gen-persist/generator/service.go:320.49,321.16 1 0
github.com/tcncloud/protoc-gen-persist/generator/service.go:322.51,323.18 1 0
github.com/tcncloud/protoc-gen-persist/generator/service.go:324.50,325.54 1 0
github.com/tcncloud/protoc-gen-persist/generator/service.go:326.52,327.69 1 0
github.com/tcncloud/protoc-gen-persist/generator/service.go:342.50,343.18 1 0
github.com/tcncloud/protoc-gen-persist/generator/service.go:344.49,345.69 1 0
github.com/tcncloud/protoc-gen-persist/generator/service.go:362.53,363.17 1 0
github.com/tcncloud/protoc-gen-persist/generator/service.go:364.53,365.17 1 0
github.com/tcncloud/protoc-gen-persist/generator/service.go:366.51,367.17 1 0
github.com/tcncloud/protoc-gen-persist/generator/service.go:368.51,369.17 1 0
github.com/tcncloud/protoc-gen-persist/generator/service.go:370.10,371.50 1 0
github.com/tcncloud/protoc-gen-persist/generator/service.go:327.69,329.72 1 0
github.com/tcncloud/protoc-gen-persist/generator/service.go:329.72,330.51 1 0
github.com/tcncloud/protoc-gen-persist/generator/service.go:330.51,332.6 1 0
github.com/tcncloud/protoc-gen-persist/generator/service.go:332.6,337.6 3 0
github.com/tcncloud/protoc-gen-persist/generator/service.go:339.4,341.4 1 0
github.com/tcncloud/protoc-gen-persist/generator/service.go:345.69,347.72 1 0
github.com/tcncloud/protoc-gen-persist/generator/service.go:347.72,348.51 1 0
github.com/tcncloud/protoc-gen-persist/generator/service.go:348.51,350.6 1 0
github.com/tcncloud/protoc-gen-persist/generator/service.go:350.6,355.6 3 0
github.com/tcncloud/protoc-gen-persist/generator/service.go:357.4,359.4 1 0
github.com/tcncloud/protoc-gen-persist/generator/service.go:382.51,385.56 3 0
github.com/tcncloud/protoc-gen-persist/generator/service.go:400.2,400.12 1 0
github.com/tcncloud/protoc-gen-persist/generator/service.go:385.56,386.17 1 0
github.com/tcncloud/protoc-gen-persist/generator/service.go:386.17,393.4 1 0
github.com/tcncloud/protoc-gen-persist/generator/service.go:393.4,398.4 1 0
github.com/tcncloud/protoc-gen-persist/generator/service.go:403.59,407.56 4 0
github.com/tcncloud/protoc-gen-persist/generator/service.go:410.2,410.12 1 0
github.com/tcncloud/protoc-gen-persist/generator/service.go:407.56,409.3 1 0
github.com/tcncloud/protoc-gen-persist/generator/service.go:413.36,415.2 1 0
github.com/tcncloud/protoc-gen-persist/generator/service.go:417.44,420.40 3 0
github.com/tcncloud/protoc-gen-persist/generator/service.go:427.2,427.12 1 0
github.com/tcncloud/protoc-gen-persist/generator/service.go:420.40,422.17 2 0
github.com/tcncloud/protoc-gen-persist/generator/service.go:425.3,425.25 1 0
github.com/tcncloud/protoc-gen-persist/generator/service.go:422.17,424.4 1 0
github.com/tcncloud/protoc-gen-persist/generator/service.go:430.36,432.9 2 0
github.com/tcncloud/protoc-gen-persist/generator/service.go:453.2,453.21 1 0
github.com/tcncloud/protoc-gen-persist/generator/service.go:433.68,434.80 1 0
github.com/tcncloud/protoc-gen-persist/generator/service.go:437.67,438.87 1 0
github.com/tcncloud/protoc-gen-persist/generator/service.go:441.67,442.87 1 0
github.com/tcncloud/protoc-gen-persist/generator/service.go:445.66,446.86 1 0
github.com/tcncloud/protoc-gen-persist/generator/service.go:450.10,451.43 1 0
github.com/tcncloud/protoc-gen-persist/generator/service.go:434.80,436.4 1 0
github.com/tcncloud/protoc-gen-persist/generator/service.go:438.87,440.4 1 0
github.com/tcncloud/protoc-gen-persist/generator/service.go:442.87,444.4 1 0
github.com/tcncloud/protoc-gen-persist/generator/service.go:446.86,448.4 1 0
github.com/tcncloud/protoc-gen-persist/generator/struct.go:91.29,94.16 3 1
github.com/tcncloud/protoc-gen-persist/generator/struct.go:97.2,98.16 2 1
github.com/tcncloud/protoc-gen-persist/generator/struct.go:94.16,96.3 1 0
github.com/tcncloud/protoc-gen-persist/generator/struct.go:98.16,100.3 1 0
github.com/tcncloud/protoc-gen-persist/generator/struct.go:111.34,112.29 1 0
github.com/tcncloud/protoc-gen-persist/generator/struct.go:112.29,113.32 1 0
github.com/tcncloud/protoc-gen-persist/generator/struct.go:113.32,115.4 1 0
github.com/tcncloud/protoc-gen-persist/generator/struct.go:115.4,117.4 1 0
github.com/tcncloud/protoc-gen-persist/generator/struct.go:119.3,119.39 1 0
github.com/tcncloud/protoc-gen-persist/generator/struct.go:119.39,120.32 1 0
github.com/tcncloud/protoc-gen-persist/generator/struct.go:120.32,122.4 1 0
github.com/tcncloud/protoc-gen-persist/generator/struct.go:122.4,124.4 1 0
github.com/tcncloud/protoc-gen-persist/generator/struct.go:125.3,127.3 1 0
github.com/tcncloud/protoc-gen-persist/generator/struct.go:131.73,132.19 1 0
github.com/tcncloud/protoc-gen-persist/generator/struct.go:132.19,133.52 1 0
github.com/tcncloud/protoc-gen-persist/generator/struct.go:138.3,138.72 1 0
github.com/tcncloud/protoc-gen-persist/generator/struct.go:133.52,134.27 1 0
github.com/tcncloud/protoc-gen-persist/generator/struct.go:134.27,136.5 1 0
github.com/tcncloud/protoc-gen-persist/generator/struct.go:140.3,142.3 1 0
github.com/tcncloud/protoc-gen-persist/generator/struct.go:145.37,146.67 1 0
github.com/tcncloud/protoc-gen-persist/generator/struct.go:146.67,148.3 1 0
github.com/tcncloud/protoc-gen-persist/generator/struct.go:148.3,152.3 1 0
github.com/tcncloud/protoc-gen-persist/generator/struct.go:155.37,157.2 1 4
github.com/tcncloud/protoc-gen-persist/generator/struct.go:159.44,161.55 2 0
github.com/tcncloud/protoc-gen-persist/generator/struct.go:164.2,164.21 1 0
github.com/tcncloud/protoc-gen-persist/generator/struct.go:161.55,163.3 1 0
github.com/tcncloud/protoc-gen-persist/generator/struct.go:167.43,169.54 2 0
github.com/tcncloud/protoc-gen-persist/generator/struct.go:172.2,172.21 1 0
github.com/tcncloud/protoc-gen-persist/generator/struct.go:169.54,171.3 1 0
github.com/tcncloud/protoc-gen-persist/generator/struct.go:175.35,177.2 1 3
github.com/tcncloud/protoc-gen-persist/generator/struct.go:179.32,181.2 1 0
github.com/tcncloud/protoc-gen-persist/generator/struct.go:183.35,185.2 1 0
github.com/tcncloud/protoc-gen-persist/generator/struct.go:187.37,188.21 1 3
github.com/tcncloud/protoc-gen-persist/generator/struct.go:188.21,189.20 1 2
github.com/tcncloud/protoc-gen-persist/generator/struct.go:189.20,194.4 1 1
github.com/tcncloud/protoc-gen-persist/generator/struct.go:194.4,199.4 1 1
github.com/tcncloud/protoc-gen-persist/generator/struct.go:200.3,201.20 1 1
github.com/tcncloud/protoc-gen-persist/generator/struct.go:201.20,203.4 1 1
github.com/tcncloud/protoc-gen-persist/generator/struct.go:203.4,205.4 1 0
github.com/tcncloud/protoc-gen-persist/generator/struct.go:209.42,214.2 1 0
github.com/tcncloud/protoc-gen-persist/generator/struct.go:220.34,222.2 1 0
github.com/tcncloud/protoc-gen-persist/generator/struct.go:224.121,225.28 1 0
github.com/tcncloud/protoc-gen-persist/generator/struct.go:235.2,235.12 1 0
github.com/tcncloud/protoc-gen-persist/generator/struct.go:225.28,226.20 1 0
github.com/tcncloud/protoc-gen-persist/generator/struct.go:226.20,227.106 1 0
github.com/tcncloud/protoc-gen-persist/generator/struct.go:227.106,229.47 1 0
github.com/tcncloud/protoc-gen-persist/generator/struct.go:229.47,231.6 1 0
github.com/tcncloud/protoc-gen-persist/generator/struct.go:238.151,239.28 1 0
github.com/tcncloud/protoc-gen-persist/generator/struct.go:249.2,249.12 1 0
github.com/tcncloud/protoc-gen-persist/generator/struct.go:239.28,240.17 1 0
github.com/tcncloud/protoc-gen-persist/generator/struct.go:240.17,241.106 1 0
github.com/tcncloud/protoc-gen-persist/generator/struct.go:241.106,243.47 1 0
github.com/tcncloud/protoc-gen-persist/generator/struct.go:243.47,245.6 1 0
github.com/tcncloud/protoc-gen-persist/generator/struct.go:252.122,253.28 1 0
github.com/tcncloud/protoc-gen-persist/generator/struct.go:263.2,263.14 1 0
github.com/tcncloud/protoc-gen-persist/generator/struct.go:253.28,254.20 1 0
github.com/tcncloud/protoc-gen-persist/generator/struct.go:254.20,255.106 1 0
github.com/tcncloud/protoc-gen-persist/generator/struct.go:255.106,257.47 1 0
github.com/tcncloud/protoc-gen-persist/generator/struct.go:257.47,259.6 1 0
github.com/tcncloud/protoc-gen-persist/generator/struct.go:266.152,267.28 1 0
github.com/tcncloud/protoc-gen-persist/generator/struct.go:277.2,277.14 1 0
github.com/tcncloud/protoc-gen-persist/generator/struct.go:267.28,268.17 1 0
github.com/tcncloud/protoc-gen-persist/generator/struct.go:268.17,269.106 1 0
github.com/tcncloud/protoc-gen-persist/generator/struct.go:269.106,271.47 1 0
github.com/tcncloud/protoc-gen-persist/generator/struct.go:271.47,273.6 1 0
github.com/tcncloud/protoc-gen-persist/generator/struct.go:280.113,281.43 1 0
github.com/tcncloud/protoc-gen-persist/generator/struct.go:281.43,287.3 1 0
github.com/tcncloud/protoc-gen-persist/generator/struct.go:290.143,291.41 1 0
github.com/tcncloud/protoc-gen-persist/generator/struct.go:291.41,297.3 1 0
github.com/tcncloud/protoc-gen-persist/generator/struct.go:300.53,301.32 1 0
github.com/tcncloud/protoc-gen-persist/generator/struct.go:306.2,306.12 1 0
github.com/tcncloud/protoc-gen-persist/generator/struct.go:301.32,302.30 1 0
github.com/tcncloud/protoc-gen-persist/generator/struct.go:302.30,304.4 1 0
github.com/tcncloud/protoc-gen-persist/generator/struct.go:309.44,311.28 2 0
github.com/tcncloud/protoc-gen-persist/generator/struct.go:316.2,317.24 2 0
github.com/tcncloud/protoc-gen-persist/generator/struct.go:311.28,312.17 1 0
github.com/tcncloud/protoc-gen-persist/generator/struct.go:312.17,314.4 1 0
github.com/tcncloud/protoc-gen-persist/generator/templates.go:51.22,54.16 3 1
github.com/tcncloud/protoc-gen-persist/generator/templates.go:57.2,58.16 2 1
github.com/tcncloud/protoc-gen-persist/generator/templates.go:61.2,62.16 2 1
github.com/tcncloud/protoc-gen-persist/generator/templates.go:65.2,66.16 2 1
github.com/tcncloud/protoc-gen-persist/generator/templates.go:54.16,56.3 1 0
github.com/tcncloud/protoc-gen-persist/generator/templates.go:58.16,60.3 1 0
github.com/tcncloud/protoc-gen-persist/generator/templates.go:62.16,64.3 1 0
github.com/tcncloud/protoc-gen-persist/generator/templates.go:66.16,68.3 1 0
github.com/tcncloud/protoc-gen-persist/generator/templates.go:72.148,74.36 2 4
github.com/tcncloud/protoc-gen-persist/generator/templates.go:83.2,83.17 1 4
github.com/tcncloud/protoc-gen-persist/generator/templates.go:74.36,77.17 3 8
github.com/tcncloud/protoc-gen-persist/generator/templates.go:80.3,80.13 1 8
github.com/tcncloud/protoc-gen-persist/generator/templates.go:77.17,79.4 1 0
github.com/tcncloud/protoc-gen-persist/generator/templates_mongo.go:34.28,39.2 4 1
github.com/tcncloud/protoc-gen-persist/generator/utils.go:40.64,41.52 1 0
github.com/tcncloud/protoc-gen-persist/generator/utils.go:41.52,45.3 3 0
github.com/tcncloud/protoc-gen-persist/generator/utils.go:45.3,45.59 1 0
github.com/tcncloud/protoc-gen-persist/generator/utils.go:45.59,49.3 3 0
github.com/tcncloud/protoc-gen-persist/generator/utils.go:49.3,51.3 1 0
github.com/tcncloud/protoc-gen-persist/generator/file.go:60.71,74.2 11 0
github.com/tcncloud/protoc-gen-persist/generator/file.go:76.74,77.36 1 0
github.com/tcncloud/protoc-gen-persist/generator/file.go:82.2,82.72 1 0
github.com/tcncloud/protoc-gen-persist/generator/file.go:77.36,78.34 1 0
github.com/tcncloud/protoc-gen-persist/generator/file.go:78.34,80.4 1 0
github.com/tcncloud/protoc-gen-persist/generator/file.go:85.99,86.35 1 0
github.com/tcncloud/protoc-gen-persist/generator/file.go:91.2,93.32 1 0
github.com/tcncloud/protoc-gen-persist/generator/file.go:102.2,103.24 2 0
github.com/tcncloud/protoc-gen-persist/generator/file.go:86.35,87.32 1 0
github.com/tcncloud/protoc-gen-persist/generator/file.go:87.32,89.4 1 0
github.com/tcncloud/protoc-gen-persist/generator/file.go:93.32,94.37 1 0
github.com/tcncloud/protoc-gen-persist/generator/file.go:99.4,99.16 1 0
github.com/tcncloud/protoc-gen-persist/generator/file.go:94.37,95.34 1 0
github.com/tcncloud/protoc-gen-persist/generator/file.go:95.34,97.6 1 0
github.com/tcncloud/protoc-gen-persist/generator/file.go:106.41,112.2 1 0
github.com/tcncloud/protoc-gen-persist/generator/file.go:114.42,116.2 1 0
github.com/tcncloud/protoc-gen-persist/generator/file.go:118.42,120.35 2 0
github.com/tcncloud/protoc-gen-persist/generator/file.go:123.2,124.12 2 0
github.com/tcncloud/protoc-gen-persist/generator/file.go:120.35,122.3 1 0
github.com/tcncloud/protoc-gen-persist/generator/file.go:128.42,141.16 7 0
github.com/tcncloud/protoc-gen-persist/generator/file.go:152.2,152.20 1 0
github.com/tcncloud/protoc-gen-persist/generator/file.go:141.16,145.17 3 0
github.com/tcncloud/protoc-gen-persist/generator/file.go:149.3,149.21 1 0
github.com/tcncloud/protoc-gen-persist/generator/file.go:145.17,148.4 2 0
github.com/tcncloud/protoc-gen-persist/generator/file.go:155.42,156.95 1 0
github.com/tcncloud/protoc-gen-persist/generator/file.go:156.95,159.3 2 0
github.com/tcncloud/protoc-gen-persist/generator/file.go:159.3,161.3 1 0
github.com/tcncloud/protoc-gen-persist/generator/file.go:164.40,166.2 1 0
github.com/tcncloud/protoc-gen-persist/generator/file.go:168.44,169.24 1 0
github.com/tcncloud/protoc-gen-persist/generator/file.go:193.2,193.19 1 0
github.com/tcncloud/protoc-gen-persist/generator/file.go:169.24,170.24 1 0
github.com/tcncloud/protoc-gen-persist/generator/file.go:171.15,172.20 1 0
github.com/tcncloud/protoc-gen-persist/generator/file.go:173.16,174.21 1 0
github.com/tcncloud/protoc-gen-persist/generator/file.go:175.13,176.27 1 0
github.com/tcncloud/protoc-gen-persist/generator/file.go:177.14,178.28 1 0
github.com/tcncloud/protoc-gen-persist/generator/file.go:179.12,180.27 1 0
github.com/tcncloud/protoc-gen-persist/generator/file.go:181.15,182.28 1 0
github.com/tcncloud/protoc-gen-persist/generator/file.go:183.15,184.28 1 0
github.com/tcncloud/protoc-gen-persist/generator/file.go:185.16,186.27 1 0
github.com/tcncloud/protoc-gen-persist/generator/file.go:187.17,188.28 1 0
github.com/tcncloud/protoc-gen-persist/generator/file.go:189.11,190.58 1 0
github.com/tcncloud/protoc-gen-persist/generator/file.go:200.30,203.2 2 0
github.com/tcncloud/protoc-gen-persist/generator/file.go:205.58,206.28 1 0
github.com/tcncloud/protoc-gen-persist/generator/file.go:211.2,211.14 1 0
github.com/tcncloud/protoc-gen-persist/generator/file.go:206.28,207.34 1 0
github.com/tcncloud/protoc-gen-persist/generator/file.go:207.34,209.4 1 0
github.com/tcncloud/protoc-gen-persist/generator/file.go:214.69,215.28 1 0
github.com/tcncloud/protoc-gen-persist/generator/file.go:220.2,220.12 1 0
github.com/tcncloud/protoc-gen-persist/generator/file.go:215.28,216.39 1 0
github.com/tcncloud/protoc-gen-persist/generator/file.go:216.39,218.4 1 0
github.com/tcncloud/protoc-gen-persist/generator/file.go:223.85,224.28 1 0
github.com/tcncloud/protoc-gen-persist/generator/file.go:229.2,229.12 1 0
github.com/tcncloud/protoc-gen-persist/generator/file.go:224.28,225.40 1 0
github.com/tcncloud/protoc-gen-persist/generator/file.go:225.40,227.4 1 0
github.com/tcncloud/protoc-gen-persist/generator/file.go:232.85,233.44 1 0
github.com/tcncloud/protoc-gen-persist/generator/file.go:237.2,240.12 3 0
github.com/tcncloud/protoc-gen-persist/generator/file.go:233.44,235.3 1 0
github.com/tcncloud/protoc-gen-persist/generator/generator.go:58.71,66.2 6 0
github.com/tcncloud/protoc-gen-persist/generator/generator.go:68.68,70.42 2 0
github.com/tcncloud/protoc-gen-persist/generator/generator.go:85.2,86.12 2 0
github.com/tcncloud/protoc-gen-persist/generator/generator.go:70.42,77.42 2 0
github.com/tcncloud/protoc-gen-persist/generator/generator.go:77.42,78.24 1 0
github.com/tcncloud/protoc-gen-persist/generator/generator.go:78.24,80.5 1 0
github.com/tcncloud/protoc-gen-persist/generator/generator.go:80.5,82.5 1 0
github.com/tcncloud/protoc-gen-persist/generator/generator.go:89.77,90.48 1 0
github.com/tcncloud/protoc-gen-persist/generator/generator.go:97.2,97.14 1 0
github.com/tcncloud/protoc-gen-persist/generator/generator.go:90.48,91.42 1 0
github.com/tcncloud/protoc-gen-persist/generator/generator.go:91.42,92.30 1 0
github.com/tcncloud/protoc-gen-persist/generator/generator.go:92.30,94.5 1 0
github.com/tcncloud/protoc-gen-persist/generator/generator.go:100.45,102.18 2 0
github.com/tcncloud/protoc-gen-persist/generator/generator.go:102.18,104.34 1 0
github.com/tcncloud/protoc-gen-persist/generator/generator.go:104.34,106.25 2 0
github.com/tcncloud/protoc-gen-persist/generator/generator.go:106.25,108.61 1 0
github.com/tcncloud/protoc-gen-persist/generator/generator.go:118.5,118.63 1 0
github.com/tcncloud/protoc-gen-persist/generator/generator.go:128.5,128.58 1 0
github.com/tcncloud/protoc-gen-persist/generator/generator.go:108.61,109.100 1 0
github.com/tcncloud/protoc-gen-persist/generator/generator.go:109.100,110.111 1 0
github.com/tcncloud/protoc-gen-persist/generator/generator.go:110.111,114.8 3 0
github.com/tcncloud/protoc-gen-persist/generator/generator.go:118.63,119.103 1 0
github.com/tcncloud/protoc-gen-persist/generator/generator.go:119.103,120.117 1 0
github.com/tcncloud/protoc-gen-persist/generator/generator.go:120.117,124.8 3 0
github.com/tcncloud/protoc-gen-persist/generator/generator.go:128.58,130.67 1 0
github.com/tcncloud/protoc-gen-persist/generator/generator.go:130.67,131.67 1 0
github.com/tcncloud/protoc-gen-persist/generator/generator.go:131.67,132.68 1 0
github.com/tcncloud/protoc-gen-persist/generator/generator.go:132.68,133.36 1 0
github.com/tcncloud/protoc-gen-persist/generator/generator.go:133.36,138.10 4 0
github.com/tcncloud/protoc-gen-persist/generator/generator.go:143.5,145.5 0 0
github.com/tcncloud/protoc-gen-persist/generator/generator.go:152.38,153.51 1 0
github.com/tcncloud/protoc-gen-persist/generator/generator.go:153.51,154.28 1 0
github.com/tcncloud/protoc-gen-persist/generator/generator.go:154.28,155.41 1 0
github.com/tcncloud/protoc-gen-persist/generator/generator.go:155.41,156.48 1 0
github.com/tcncloud/protoc-gen-persist/generator/generator.go:156.48,159.6 2 0
github.com/tcncloud/protoc-gen-persist/generator/generator.go:165.44,166.51 1 0
github.com/tcncloud/protoc-gen-persist/generator/generator.go:166.51,169.43 2 0
github.com/tcncloud/protoc-gen-persist/generator/generator.go:180.3,180.40 1 0
github.com/tcncloud/protoc-gen-persist/generator/generator.go:169.43,170.41 1 0
github.com/tcncloud/protoc-gen-persist/generator/generator.go:173.4,173.39 1 0
github.com/tcncloud/protoc-gen-persist/generator/generator.go:176.4,176.44 1 0
github.com/tcncloud/protoc-gen-persist/generator/generator.go:170.41,172.5 1 0
github.com/tcncloud/protoc-gen-persist/generator/generator.go:173.39,175.5 1 0
github.com/tcncloud/protoc-gen-persist/generator/generator.go:180.40,182.4 1 0
github.com/tcncloud/protoc-gen-persist/generator/generator.go:186.39,188.51 1 0
github.com/tcncloud/protoc-gen-persist/generator/generator.go:188.51,189.28 1 0
github.com/tcncloud/protoc-gen-persist/generator/generator.go:189.28,192.41 2 0
github.com/tcncloud/protoc-gen-persist/generator/generator.go:192.41,194.41 2 0
github.com/tcncloud/protoc-gen-persist/generator/generator.go:194.41,197.6 2 0
github.com/tcncloud/protoc-gen-persist/generator/generator.go:204.79,205.27 1 0
github.com/tcncloud/protoc-gen-persist/generator/generator.go:212.2,212.14 1 0
github.com/tcncloud/protoc-gen-persist/generator/generator.go:205.27,206.41 1 0
github.com/tcncloud/protoc-gen-persist/generator/generator.go:206.41,207.31 1 0
github.com/tcncloud/protoc-gen-persist/generator/generator.go:207.31,209.5 1 0
github.com/tcncloud/protoc-gen-persist/generator/generator.go:215.69,216.101 1 0
github.com/tcncloud/protoc-gen-persist/generator/generator.go:219.2,219.14 1 0
github.com/tcncloud/protoc-gen-persist/generator/generator.go:216.101,218.3 1 0
github.com/tcncloud/protoc-gen-persist/generator/generator.go:222.80,223.29 1 0
github.com/tcncloud/protoc-gen-persist/generator/generator.go:228.2,228.12 1 0
github.com/tcncloud/protoc-gen-persist/generator/generator.go:223.29,224.79 1 0
github.com/tcncloud/protoc-gen-persist/generator/generator.go:224.79,226.4 1 0
github.com/tcncloud/protoc-gen-persist/generator/generator.go:232.38,236.2 3 0
github.com/tcncloud/protoc-gen-persist/generator/init.go:33.13,39.2 5 1
github.com/tcncloud/protoc-gen-persist/generator/templates_sql.go:34.26,126.2 4 1
